<?xml version="1.0" encoding="UTF-8"?>
<!-- Generated by org.testng.reporters.JUnitXMLReporter -->
<testsuite ignored="0" hostname="Vidyadhara" failures="0" tests="3" name="Default test" time="63.216" errors="0" timestamp="2021-08-28T18:03:46 IST">
  <testcase classname="com.vtiger.vd.organizationtest.CreateOrgTest" name="createOrgCheckNotifyTest" time="14.633"/>
  <testcase classname="com.vtiger.vd.organizationtest.CreateOrgTest" name="createOrgRatingTest" time="14.799"/>
  <testcase classname="com.vtiger.vd.organizationtest.CreateOrgTest" name="createOrgWithNotifyTest" time="11.999"/>
</testsuite> <!-- Default test -->
