<?xml version="1.0" encoding="UTF-8"?>
<!-- Generated by org.testng.reporters.JUnitXMLReporter -->
<testsuite ignored="2" hostname="Vidyadhara" failures="0" tests="1" name="Test" time="24.897" errors="0" timestamp="2021-08-24T13:20:15 IST">
  <testcase classname="com.vtiger.vd.organizationtest.TC_13_14_15_CreateOrg" name="createOrgCheckNotifyTest" time="14.532"/>
  <testcase classname="com.vtiger.vd.organizationtest.TC_13_14_15_CreateOrg" name="createOrgWithNotifyTest" time="0.0">
    <ignored/>
  </testcase> <!-- createOrgWithNotifyTest -->
  <testcase classname="com.vtiger.vd.organizationtest.TC_13_14_15_CreateOrg" name="createOrgRatingTest" time="0.0">
    <ignored/>
  </testcase> <!-- createOrgRatingTest -->
</testsuite> <!-- Test -->
