<?xml version="1.0" encoding="UTF-8"?>
<testng-results ignored="0" total="3" passed="3" failed="0" skipped="0">
  <reporter-output>
  </reporter-output>
  <suite started-at="2021-08-28T18:02:43 IST" name="Default suite" finished-at="2021-08-28T18:03:46 IST" duration-ms="63216">
    <groups>
      <group name="regressionTest">
        <method signature="CreateOrgTest.createOrgCheckNotifyTest()[pri:0, instance:com.vtiger.vd.organizationtest.CreateOrgTest@15c43bd9]" name="createOrgCheckNotifyTest" class="com.vtiger.vd.organizationtest.CreateOrgTest"/>
        <method signature="CreateOrgTest.createOrgRatingTest()[pri:0, instance:com.vtiger.vd.organizationtest.CreateOrgTest@15c43bd9]" name="createOrgRatingTest" class="com.vtiger.vd.organizationtest.CreateOrgTest"/>
        <method signature="CreateOrgTest.createOrgWithNotifyTest()[pri:0, instance:com.vtiger.vd.organizationtest.CreateOrgTest@15c43bd9]" name="createOrgWithNotifyTest" class="com.vtiger.vd.organizationtest.CreateOrgTest"/>
      </group> <!-- regressionTest -->
      <group name="smokeTest">
        <method signature="CreateOrgTest.createOrgRatingTest()[pri:0, instance:com.vtiger.vd.organizationtest.CreateOrgTest@15c43bd9]" name="createOrgRatingTest" class="com.vtiger.vd.organizationtest.CreateOrgTest"/>
      </group> <!-- smokeTest -->
    </groups>
    <test started-at="2021-08-28T18:02:43 IST" name="Default test" finished-at="2021-08-28T18:03:46 IST" duration-ms="63216">
      <class name="com.vtiger.vd.organizationtest.CreateOrgTest">
        <test-method is-config="true" signature="setup()[pri:0, instance:com.vtiger.vd.organizationtest.CreateOrgTest@15c43bd9]" started-at="2021-08-28T18:02:42 IST" name="setup" finished-at="2021-08-28T18:02:43 IST" duration-ms="581" status="PASS">
          <reporter-output>
          </reporter-output>
        </test-method> <!-- setup -->
        <test-method is-config="true" signature="configBc()[pri:0, instance:com.vtiger.vd.organizationtest.CreateOrgTest@15c43bd9]" started-at="2021-08-28T18:02:43 IST" name="configBc" finished-at="2021-08-28T18:02:45 IST" duration-ms="2607" status="PASS">
          <reporter-output>
          </reporter-output>
        </test-method> <!-- configBc -->
        <test-method is-config="true" signature="configBm()[pri:0, instance:com.vtiger.vd.organizationtest.CreateOrgTest@15c43bd9]" started-at="2021-08-28T18:02:45 IST" name="configBm" finished-at="2021-08-28T18:02:50 IST" duration-ms="5253" status="PASS">
          <reporter-output>
          </reporter-output>
        </test-method> <!-- configBm -->
        <test-method signature="createOrgCheckNotifyTest()[pri:0, instance:com.vtiger.vd.organizationtest.CreateOrgTest@15c43bd9]" started-at="2021-08-28T18:02:50 IST" name="createOrgCheckNotifyTest" finished-at="2021-08-28T18:03:05 IST" duration-ms="14633" status="PASS">
          <reporter-output>
          </reporter-output>
        </test-method> <!-- createOrgCheckNotifyTest -->
        <test-method is-config="true" signature="configAm()[pri:0, instance:com.vtiger.vd.organizationtest.CreateOrgTest@15c43bd9]" started-at="2021-08-28T18:03:05 IST" name="configAm" finished-at="2021-08-28T18:03:07 IST" duration-ms="1833" status="PASS">
          <reporter-output>
          </reporter-output>
        </test-method> <!-- configAm -->
        <test-method is-config="true" signature="configBm()[pri:0, instance:com.vtiger.vd.organizationtest.CreateOrgTest@15c43bd9]" started-at="2021-08-28T18:03:07 IST" name="configBm" finished-at="2021-08-28T18:03:11 IST" duration-ms="3872" status="PASS">
          <reporter-output>
          </reporter-output>
        </test-method> <!-- configBm -->
        <test-method signature="createOrgRatingTest()[pri:0, instance:com.vtiger.vd.organizationtest.CreateOrgTest@15c43bd9]" started-at="2021-08-28T18:03:11 IST" name="createOrgRatingTest" finished-at="2021-08-28T18:03:26 IST" duration-ms="14799" status="PASS">
          <reporter-output>
          </reporter-output>
        </test-method> <!-- createOrgRatingTest -->
        <test-method is-config="true" signature="configAm()[pri:0, instance:com.vtiger.vd.organizationtest.CreateOrgTest@15c43bd9]" started-at="2021-08-28T18:03:26 IST" name="configAm" finished-at="2021-08-28T18:03:27 IST" duration-ms="1736" status="PASS">
          <reporter-output>
          </reporter-output>
        </test-method> <!-- configAm -->
        <test-method is-config="true" signature="configBm()[pri:0, instance:com.vtiger.vd.organizationtest.CreateOrgTest@15c43bd9]" started-at="2021-08-28T18:03:27 IST" name="configBm" finished-at="2021-08-28T18:03:31 IST" duration-ms="3446" status="PASS">
          <reporter-output>
          </reporter-output>
        </test-method> <!-- configBm -->
        <test-method signature="createOrgWithNotifyTest()[pri:0, instance:com.vtiger.vd.organizationtest.CreateOrgTest@15c43bd9]" started-at="2021-08-28T18:03:31 IST" name="createOrgWithNotifyTest" finished-at="2021-08-28T18:03:43 IST" duration-ms="11999" status="PASS">
          <reporter-output>
          </reporter-output>
        </test-method> <!-- createOrgWithNotifyTest -->
        <test-method is-config="true" signature="configAm()[pri:0, instance:com.vtiger.vd.organizationtest.CreateOrgTest@15c43bd9]" started-at="2021-08-28T18:03:43 IST" name="configAm" finished-at="2021-08-28T18:03:45 IST" duration-ms="1683" status="PASS">
          <reporter-output>
          </reporter-output>
        </test-method> <!-- configAm -->
        <test-method is-config="true" signature="configAc()[pri:0, instance:com.vtiger.vd.organizationtest.CreateOrgTest@15c43bd9]" started-at="2021-08-28T18:03:45 IST" name="configAc" finished-at="2021-08-28T18:03:46 IST" duration-ms="1279" status="PASS">
          <reporter-output>
          </reporter-output>
        </test-method> <!-- configAc -->
        <test-method is-config="true" signature="configAS()[pri:0, instance:com.vtiger.vd.organizationtest.CreateOrgTest@15c43bd9]" started-at="2021-08-28T18:03:46 IST" name="configAS" finished-at="2021-08-28T18:03:46 IST" duration-ms="519" status="PASS">
          <reporter-output>
          </reporter-output>
        </test-method> <!-- configAS -->
      </class> <!-- com.vtiger.vd.organizationtest.CreateOrgTest -->
    </test> <!-- Default test -->
  </suite> <!-- Default suite -->
</testng-results>
